mode: atomic
github.com/wlqtjl/PhoenixGPU/cmd/phoenix-controller/main_stub.go:8.13,10.2 1 0
github.com/wlqtjl/PhoenixGPU/cmd/api-server/main.go:31.13,39.18 8 0
github.com/wlqtjl/PhoenixGPU/cmd/api-server/main.go:39.18,42.3 2 0
github.com/wlqtjl/PhoenixGPU/cmd/api-server/main.go:43.2,43.31 1 0
github.com/wlqtjl/PhoenixGPU/cmd/api-server/main.go:43.31,46.3 2 0
github.com/wlqtjl/PhoenixGPU/cmd/api-server/main.go:49.25,51.12 2 0
github.com/wlqtjl/PhoenixGPU/cmd/api-server/main.go:51.12,53.3 1 0
github.com/wlqtjl/PhoenixGPU/cmd/api-server/main.go:53.8,55.3 1 0
github.com/wlqtjl/PhoenixGPU/cmd/api-server/main.go:57.2,66.12 4 0
github.com/wlqtjl/PhoenixGPU/cmd/api-server/main.go:66.12,67.77 1 0
github.com/wlqtjl/PhoenixGPU/cmd/api-server/main.go:67.77,69.4 1 0
github.com/wlqtjl/PhoenixGPU/cmd/api-server/main.go:72.2,74.9 3 0
github.com/wlqtjl/PhoenixGPU/cmd/api-server/main.go:75.22,76.13 1 0
github.com/wlqtjl/PhoenixGPU/cmd/api-server/main.go:77.14,80.27 3 0
github.com/wlqtjl/PhoenixGPU/cmd/api-server/runtime_client_default.go:12.67,13.12 1 0
github.com/wlqtjl/PhoenixGPU/cmd/api-server/runtime_client_default.go:13.12,15.3 1 0
github.com/wlqtjl/PhoenixGPU/cmd/api-server/runtime_client_default.go:16.2,16.121 1 0
github.com/wlqtjl/PhoenixGPU/webui/node_modules/flatted/golang/pkg/flatted/flatted.go:16.68,21.30 4 0
github.com/wlqtjl/PhoenixGPU/webui/node_modules/flatted/golang/pkg/flatted/flatted.go:21.30,27.3 5 0
github.com/wlqtjl/PhoenixGPU/webui/node_modules/flatted/golang/pkg/flatted/flatted.go:29.2,29.28 1 0
github.com/wlqtjl/PhoenixGPU/webui/node_modules/flatted/golang/pkg/flatted/flatted.go:29.28,30.15 1 0
github.com/wlqtjl/PhoenixGPU/webui/node_modules/flatted/golang/pkg/flatted/flatted.go:30.15,32.4 1 0
github.com/wlqtjl/PhoenixGPU/webui/node_modules/flatted/golang/pkg/flatted/flatted.go:33.3,35.100 3 0
github.com/wlqtjl/PhoenixGPU/webui/node_modules/flatted/golang/pkg/flatted/flatted.go:35.100,36.32 1 0
github.com/wlqtjl/PhoenixGPU/webui/node_modules/flatted/golang/pkg/flatted/flatted.go:36.32,37.31 1 0
github.com/wlqtjl/PhoenixGPU/webui/node_modules/flatted/golang/pkg/flatted/flatted.go:37.31,38.16 1 0
github.com/wlqtjl/PhoenixGPU/webui/node_modules/flatted/golang/pkg/flatted/flatted.go:38.16,40.7 1 0
github.com/wlqtjl/PhoenixGPU/webui/node_modules/flatted/golang/pkg/flatted/flatted.go:41.11,43.59 2 0
github.com/wlqtjl/PhoenixGPU/webui/node_modules/flatted/golang/pkg/flatted/flatted.go:43.59,45.7 1 0
github.com/wlqtjl/PhoenixGPU/webui/node_modules/flatted/golang/pkg/flatted/flatted.go:48.4,48.19 1 0
github.com/wlqtjl/PhoenixGPU/webui/node_modules/flatted/golang/pkg/flatted/flatted.go:50.3,50.11 1 0
github.com/wlqtjl/PhoenixGPU/webui/node_modules/flatted/golang/pkg/flatted/flatted.go:53.2,53.31 1 0
github.com/wlqtjl/PhoenixGPU/webui/node_modules/flatted/golang/pkg/flatted/flatted.go:53.31,55.20 2 0
github.com/wlqtjl/PhoenixGPU/webui/node_modules/flatted/golang/pkg/flatted/flatted.go:55.20,57.4 1 0
github.com/wlqtjl/PhoenixGPU/webui/node_modules/flatted/golang/pkg/flatted/flatted.go:58.3,58.38 1 0
github.com/wlqtjl/PhoenixGPU/webui/node_modules/flatted/golang/pkg/flatted/flatted.go:58.38,60.4 1 0
github.com/wlqtjl/PhoenixGPU/webui/node_modules/flatted/golang/pkg/flatted/flatted.go:62.3,62.47 1 0
github.com/wlqtjl/PhoenixGPU/webui/node_modules/flatted/golang/pkg/flatted/flatted.go:62.47,64.4 1 0
github.com/wlqtjl/PhoenixGPU/webui/node_modules/flatted/golang/pkg/flatted/flatted.go:65.3,65.20 1 0
github.com/wlqtjl/PhoenixGPU/webui/node_modules/flatted/golang/pkg/flatted/flatted.go:66.37,68.34 2 0
github.com/wlqtjl/PhoenixGPU/webui/node_modules/flatted/golang/pkg/flatted/flatted.go:68.34,70.5 1 0
github.com/wlqtjl/PhoenixGPU/webui/node_modules/flatted/golang/pkg/flatted/flatted.go:71.4,71.14 1 0
github.com/wlqtjl/PhoenixGPU/webui/node_modules/flatted/golang/pkg/flatted/flatted.go:72.20,75.41 3 0
github.com/wlqtjl/PhoenixGPU/webui/node_modules/flatted/golang/pkg/flatted/flatted.go:75.41,77.5 1 0
github.com/wlqtjl/PhoenixGPU/webui/node_modules/flatted/golang/pkg/flatted/flatted.go:79.4,80.29 2 0
github.com/wlqtjl/PhoenixGPU/webui/node_modules/flatted/golang/pkg/flatted/flatted.go:80.29,82.20 2 0
github.com/wlqtjl/PhoenixGPU/webui/node_modules/flatted/golang/pkg/flatted/flatted.go:82.20,84.34 2 0
github.com/wlqtjl/PhoenixGPU/webui/node_modules/flatted/golang/pkg/flatted/flatted.go:84.34,85.20 1 0
github.com/wlqtjl/PhoenixGPU/webui/node_modules/flatted/golang/pkg/flatted/flatted.go:85.20,87.13 2 0
github.com/wlqtjl/PhoenixGPU/webui/node_modules/flatted/golang/pkg/flatted/flatted.go:90.6,90.16 1 0
github.com/wlqtjl/PhoenixGPU/webui/node_modules/flatted/golang/pkg/flatted/flatted.go:90.16,91.15 1 0
github.com/wlqtjl/PhoenixGPU/webui/node_modules/flatted/golang/pkg/flatted/flatted.go:94.5,94.53 1 0
github.com/wlqtjl/PhoenixGPU/webui/node_modules/flatted/golang/pkg/flatted/flatted.go:96.4,96.14 1 0
github.com/wlqtjl/PhoenixGPU/webui/node_modules/flatted/golang/pkg/flatted/flatted.go:97.23,100.39 3 0
github.com/wlqtjl/PhoenixGPU/webui/node_modules/flatted/golang/pkg/flatted/flatted.go:100.39,102.28 2 0
github.com/wlqtjl/PhoenixGPU/webui/node_modules/flatted/golang/pkg/flatted/flatted.go:102.28,103.14 1 0
github.com/wlqtjl/PhoenixGPU/webui/node_modules/flatted/golang/pkg/flatted/flatted.go:105.5,106.48 2 0
github.com/wlqtjl/PhoenixGPU/webui/node_modules/flatted/golang/pkg/flatted/flatted.go:106.48,108.6 1 0
github.com/wlqtjl/PhoenixGPU/webui/node_modules/flatted/golang/pkg/flatted/flatted.go:109.5,109.48 1 0
github.com/wlqtjl/PhoenixGPU/webui/node_modules/flatted/golang/pkg/flatted/flatted.go:111.4,111.14 1 0
github.com/wlqtjl/PhoenixGPU/webui/node_modules/flatted/golang/pkg/flatted/flatted.go:112.11,113.12 1 0
github.com/wlqtjl/PhoenixGPU/webui/node_modules/flatted/golang/pkg/flatted/flatted.go:117.2,119.34 3 0
github.com/wlqtjl/PhoenixGPU/webui/node_modules/flatted/golang/pkg/flatted/flatted.go:119.34,121.3 1 0
github.com/wlqtjl/PhoenixGPU/webui/node_modules/flatted/golang/pkg/flatted/flatted.go:123.2,126.33 4 0
github.com/wlqtjl/PhoenixGPU/webui/node_modules/flatted/golang/pkg/flatted/flatted.go:126.33,128.3 1 0
github.com/wlqtjl/PhoenixGPU/webui/node_modules/flatted/golang/pkg/flatted/flatted.go:128.8,128.37 1 0
github.com/wlqtjl/PhoenixGPU/webui/node_modules/flatted/golang/pkg/flatted/flatted.go:128.37,130.3 1 0
github.com/wlqtjl/PhoenixGPU/webui/node_modules/flatted/golang/pkg/flatted/flatted.go:132.2,132.18 1 0
github.com/wlqtjl/PhoenixGPU/webui/node_modules/flatted/golang/pkg/flatted/flatted.go:132.18,134.3 1 0
github.com/wlqtjl/PhoenixGPU/webui/node_modules/flatted/golang/pkg/flatted/flatted.go:134.8,136.3 1 0
github.com/wlqtjl/PhoenixGPU/webui/node_modules/flatted/golang/pkg/flatted/flatted.go:138.2,138.16 1 0
github.com/wlqtjl/PhoenixGPU/webui/node_modules/flatted/golang/pkg/flatted/flatted.go:138.16,140.3 1 0
github.com/wlqtjl/PhoenixGPU/webui/node_modules/flatted/golang/pkg/flatted/flatted.go:141.2,141.23 1 0
github.com/wlqtjl/PhoenixGPU/webui/node_modules/flatted/golang/pkg/flatted/flatted.go:145.79,147.65 2 0
github.com/wlqtjl/PhoenixGPU/webui/node_modules/flatted/golang/pkg/flatted/flatted.go:147.65,149.3 1 0
github.com/wlqtjl/PhoenixGPU/webui/node_modules/flatted/golang/pkg/flatted/flatted.go:151.2,152.25 2 0
github.com/wlqtjl/PhoenixGPU/webui/node_modules/flatted/golang/pkg/flatted/flatted.go:152.25,153.30 1 0
github.com/wlqtjl/PhoenixGPU/webui/node_modules/flatted/golang/pkg/flatted/flatted.go:153.30,155.4 1 0
github.com/wlqtjl/PhoenixGPU/webui/node_modules/flatted/golang/pkg/flatted/flatted.go:156.3,156.31 1 0
github.com/wlqtjl/PhoenixGPU/webui/node_modules/flatted/golang/pkg/flatted/flatted.go:156.31,157.29 1 0
github.com/wlqtjl/PhoenixGPU/webui/node_modules/flatted/golang/pkg/flatted/flatted.go:157.29,159.5 1 0
github.com/wlqtjl/PhoenixGPU/webui/node_modules/flatted/golang/pkg/flatted/flatted.go:160.4,160.14 1 0
github.com/wlqtjl/PhoenixGPU/webui/node_modules/flatted/golang/pkg/flatted/flatted.go:162.3,162.38 1 0
github.com/wlqtjl/PhoenixGPU/webui/node_modules/flatted/golang/pkg/flatted/flatted.go:162.38,163.27 1 0
github.com/wlqtjl/PhoenixGPU/webui/node_modules/flatted/golang/pkg/flatted/flatted.go:163.27,165.5 1 0
github.com/wlqtjl/PhoenixGPU/webui/node_modules/flatted/golang/pkg/flatted/flatted.go:166.4,166.12 1 0
github.com/wlqtjl/PhoenixGPU/webui/node_modules/flatted/golang/pkg/flatted/flatted.go:168.3,168.11 1 0
github.com/wlqtjl/PhoenixGPU/webui/node_modules/flatted/golang/pkg/flatted/flatted.go:171.2,172.30 2 0
github.com/wlqtjl/PhoenixGPU/webui/node_modules/flatted/golang/pkg/flatted/flatted.go:172.30,174.3 1 0
github.com/wlqtjl/PhoenixGPU/webui/node_modules/flatted/golang/pkg/flatted/flatted.go:176.2,177.28 2 0
github.com/wlqtjl/PhoenixGPU/webui/node_modules/flatted/golang/pkg/flatted/flatted.go:177.28,178.37 1 0
github.com/wlqtjl/PhoenixGPU/webui/node_modules/flatted/golang/pkg/flatted/flatted.go:178.37,180.4 1 0
github.com/wlqtjl/PhoenixGPU/webui/node_modules/flatted/golang/pkg/flatted/flatted.go:180.9,182.4 1 0
github.com/wlqtjl/PhoenixGPU/webui/node_modules/flatted/golang/pkg/flatted/flatted.go:185.2,185.21 1 0
github.com/wlqtjl/PhoenixGPU/webui/node_modules/flatted/golang/pkg/flatted/flatted.go:185.21,187.3 1 0
github.com/wlqtjl/PhoenixGPU/webui/node_modules/flatted/golang/pkg/flatted/flatted.go:189.2,191.78 3 0
github.com/wlqtjl/PhoenixGPU/webui/node_modules/flatted/golang/pkg/flatted/flatted.go:191.78,195.21 4 0
github.com/wlqtjl/PhoenixGPU/webui/node_modules/flatted/golang/pkg/flatted/flatted.go:195.21,197.4 1 0
github.com/wlqtjl/PhoenixGPU/webui/node_modules/flatted/golang/pkg/flatted/flatted.go:198.3,198.18 1 0
github.com/wlqtjl/PhoenixGPU/webui/node_modules/flatted/golang/pkg/flatted/flatted.go:201.2,201.20 1 0
github.com/wlqtjl/PhoenixGPU/webui/node_modules/flatted/golang/pkg/flatted/flatted.go:201.20,203.3 1 0
github.com/wlqtjl/PhoenixGPU/webui/node_modules/flatted/golang/pkg/flatted/flatted.go:204.2,204.19 1 0
github.com/wlqtjl/PhoenixGPU/webui/node_modules/flatted/golang/pkg/flatted/flatted.go:207.75,208.34 1 0
github.com/wlqtjl/PhoenixGPU/webui/node_modules/flatted/golang/pkg/flatted/flatted.go:208.34,209.25 1 0
github.com/wlqtjl/PhoenixGPU/webui/node_modules/flatted/golang/pkg/flatted/flatted.go:209.25,211.4 1 0
github.com/wlqtjl/PhoenixGPU/webui/node_modules/flatted/golang/pkg/flatted/flatted.go:212.8,212.48 1 0
github.com/wlqtjl/PhoenixGPU/webui/node_modules/flatted/golang/pkg/flatted/flatted.go:212.48,214.20 2 0
github.com/wlqtjl/PhoenixGPU/webui/node_modules/flatted/golang/pkg/flatted/flatted.go:214.20,216.4 1 0
github.com/wlqtjl/PhoenixGPU/webui/node_modules/flatted/golang/pkg/flatted/flatted.go:217.3,218.26 2 0
github.com/wlqtjl/PhoenixGPU/webui/node_modules/flatted/golang/pkg/flatted/flatted.go:218.26,220.4 1 0
github.com/wlqtjl/PhoenixGPU/webui/node_modules/flatted/golang/pkg/flatted/flatted.go:222.2,222.28 1 0
github.com/wlqtjl/PhoenixGPU/webui/node_modules/flatted/golang/pkg/flatted/flatted.go:225.61,226.34 1 0
github.com/wlqtjl/PhoenixGPU/webui/node_modules/flatted/golang/pkg/flatted/flatted.go:226.34,227.25 1 0
github.com/wlqtjl/PhoenixGPU/webui/node_modules/flatted/golang/pkg/flatted/flatted.go:227.25,228.38 1 0
github.com/wlqtjl/PhoenixGPU/webui/node_modules/flatted/golang/pkg/flatted/flatted.go:228.38,231.5 2 0
github.com/wlqtjl/PhoenixGPU/webui/node_modules/flatted/golang/pkg/flatted/flatted.go:233.3,233.13 1 0
github.com/wlqtjl/PhoenixGPU/webui/node_modules/flatted/golang/pkg/flatted/flatted.go:235.2,235.41 1 0
github.com/wlqtjl/PhoenixGPU/webui/node_modules/flatted/golang/pkg/flatted/flatted.go:235.41,236.23 1 0
github.com/wlqtjl/PhoenixGPU/webui/node_modules/flatted/golang/pkg/flatted/flatted.go:236.23,237.38 1 0
github.com/wlqtjl/PhoenixGPU/webui/node_modules/flatted/golang/pkg/flatted/flatted.go:237.38,240.5 2 0
github.com/wlqtjl/PhoenixGPU/webui/node_modules/flatted/golang/pkg/flatted/flatted.go:242.3,242.11 1 0
github.com/wlqtjl/PhoenixGPU/webui/node_modules/flatted/golang/pkg/flatted/flatted.go:244.2,244.14 1 0
github.com/wlqtjl/PhoenixGPU/webui/node_modules/flatted/golang/pkg/flatted/flatted.go:247.60,249.78 2 0
github.com/wlqtjl/PhoenixGPU/webui/node_modules/flatted/golang/pkg/flatted/flatted.go:249.78,251.16 2 0
github.com/wlqtjl/PhoenixGPU/webui/node_modules/flatted/golang/pkg/flatted/flatted.go:251.16,254.4 2 0
github.com/wlqtjl/PhoenixGPU/webui/node_modules/flatted/golang/pkg/flatted/flatted.go:256.2,256.14 1 0
github.com/wlqtjl/PhoenixGPU/webui/node_modules/flatted/golang/pkg/flatted/flatted.go:260.37,262.16 2 0
github.com/wlqtjl/PhoenixGPU/webui/node_modules/flatted/golang/pkg/flatted/flatted.go:262.16,264.3 1 0
github.com/wlqtjl/PhoenixGPU/webui/node_modules/flatted/golang/pkg/flatted/flatted.go:265.2,267.17 3 0
github.com/wlqtjl/PhoenixGPU/webui/node_modules/flatted/golang/pkg/flatted/flatted.go:271.39,273.16 2 0
github.com/wlqtjl/PhoenixGPU/webui/node_modules/flatted/golang/pkg/flatted/flatted.go:273.16,275.3 1 0
github.com/wlqtjl/PhoenixGPU/webui/node_modules/flatted/golang/pkg/flatted/flatted.go:276.2,276.30 1 0
github.com/wlqtjl/PhoenixGPU/pkg/checkpoint/criu_stub.go:22.74,24.2 1 0
github.com/wlqtjl/PhoenixGPU/pkg/checkpoint/criu_stub.go:25.70,25.102 1 0
github.com/wlqtjl/PhoenixGPU/pkg/checkpoint/criu_stub.go:26.70,26.102 1 0
github.com/wlqtjl/PhoenixGPU/pkg/checkpoint/criu_stub.go:27.72,29.2 1 0
github.com/wlqtjl/PhoenixGPU/pkg/checkpoint/criu_stub.go:30.44,30.76 1 0
github.com/wlqtjl/PhoenixGPU/pkg/checkpoint/storage.go:40.39,42.2 1 4
github.com/wlqtjl/PhoenixGPU/pkg/checkpoint/storage_pvc_stub.go:10.72,12.2 1 0
github.com/wlqtjl/PhoenixGPU/pkg/checkpoint/storage_pvc_stub.go:13.75,15.2 1 0
github.com/wlqtjl/PhoenixGPU/pkg/checkpoint/storage_pvc_stub.go:16.75,18.2 1 0
github.com/wlqtjl/PhoenixGPU/pkg/checkpoint/storage_pvc_stub.go:19.79,21.2 1 0
github.com/wlqtjl/PhoenixGPU/pkg/checkpoint/storage_pvc_stub.go:22.69,22.101 1 0
github.com/wlqtjl/PhoenixGPU/pkg/checkpoint/storage_pvc_stub.go:23.69,23.101 1 0
github.com/wlqtjl/PhoenixGPU/pkg/checkpoint/storage_s3_stub.go:27.79,29.2 1 0
github.com/wlqtjl/PhoenixGPU/pkg/checkpoint/storage_s3_stub.go:31.78,31.109 1 0
github.com/wlqtjl/PhoenixGPU/pkg/checkpoint/storage_s3_stub.go:32.78,32.109 1 0
github.com/wlqtjl/PhoenixGPU/pkg/checkpoint/storage_s3_stub.go:33.78,33.114 1 0
github.com/wlqtjl/PhoenixGPU/pkg/checkpoint/storage_s3_stub.go:34.78,34.109 1 0
github.com/wlqtjl/PhoenixGPU/pkg/checkpoint/storage_s3_stub.go:35.78,35.109 1 0
github.com/wlqtjl/PhoenixGPU/pkg/checkpoint/uploader_stub.go:16.73,16.95 1 0
github.com/wlqtjl/PhoenixGPU/pkg/checkpoint/uploader_stub.go:17.44,19.2 1 0
github.com/wlqtjl/PhoenixGPU/pkg/checkpoint/uploader_stub.go:20.61,20.79 1 0
github.com/wlqtjl/PhoenixGPU/pkg/checkpoint/uploader_stub.go:21.62,21.63 0 0
github.com/wlqtjl/PhoenixGPU/cmd/api-server/internal/handlers.go:29.78,34.16 4 3
github.com/wlqtjl/PhoenixGPU/cmd/api-server/internal/handlers.go:34.16,38.3 3 2
github.com/wlqtjl/PhoenixGPU/cmd/api-server/internal/handlers.go:39.2,39.16 1 1
github.com/wlqtjl/PhoenixGPU/cmd/api-server/internal/handlers.go:42.75,47.46 4 4
github.com/wlqtjl/PhoenixGPU/cmd/api-server/internal/handlers.go:47.46,48.48 1 2
github.com/wlqtjl/PhoenixGPU/cmd/api-server/internal/handlers.go:48.48,51.27 1 1
github.com/wlqtjl/PhoenixGPU/cmd/api-server/internal/handlers.go:51.27,53.5 1 1
github.com/wlqtjl/PhoenixGPU/cmd/api-server/internal/handlers.go:54.4,54.13 1 1
github.com/wlqtjl/PhoenixGPU/cmd/api-server/internal/handlers.go:58.2,59.16 2 4
github.com/wlqtjl/PhoenixGPU/cmd/api-server/internal/handlers.go:59.16,63.3 3 1
github.com/wlqtjl/PhoenixGPU/cmd/api-server/internal/handlers.go:64.2,64.26 1 3
github.com/wlqtjl/PhoenixGPU/cmd/api-server/internal/handlers.go:67.70,72.16 4 1
github.com/wlqtjl/PhoenixGPU/cmd/api-server/internal/handlers.go:72.16,76.3 3 1
github.com/wlqtjl/PhoenixGPU/cmd/api-server/internal/handlers.go:77.2,77.30 1 0
github.com/wlqtjl/PhoenixGPU/cmd/api-server/internal/handlers.go:80.69,86.16 5 1
github.com/wlqtjl/PhoenixGPU/cmd/api-server/internal/handlers.go:86.16,90.3 3 1
github.com/wlqtjl/PhoenixGPU/cmd/api-server/internal/handlers.go:91.2,91.28 1 0
github.com/wlqtjl/PhoenixGPU/cmd/api-server/internal/handlers.go:94.67,99.13 4 3
github.com/wlqtjl/PhoenixGPU/cmd/api-server/internal/handlers.go:99.13,102.3 2 1
github.com/wlqtjl/PhoenixGPU/cmd/api-server/internal/handlers.go:104.2,105.16 2 2
github.com/wlqtjl/PhoenixGPU/cmd/api-server/internal/handlers.go:105.16,106.22 1 2
github.com/wlqtjl/PhoenixGPU/cmd/api-server/internal/handlers.go:106.22,109.4 2 1
github.com/wlqtjl/PhoenixGPU/cmd/api-server/internal/handlers.go:110.3,112.9 3 1
github.com/wlqtjl/PhoenixGPU/cmd/api-server/internal/handlers.go:114.2,114.12 1 0
github.com/wlqtjl/PhoenixGPU/cmd/api-server/internal/handlers.go:117.78,122.13 4 4
github.com/wlqtjl/PhoenixGPU/cmd/api-server/internal/handlers.go:122.13,125.3 2 1
github.com/wlqtjl/PhoenixGPU/cmd/api-server/internal/handlers.go:127.2,127.66 1 3
github.com/wlqtjl/PhoenixGPU/cmd/api-server/internal/handlers.go:127.66,128.22 1 2
github.com/wlqtjl/PhoenixGPU/cmd/api-server/internal/handlers.go:128.22,131.4 2 1
github.com/wlqtjl/PhoenixGPU/cmd/api-server/internal/handlers.go:132.3,134.9 3 1
github.com/wlqtjl/PhoenixGPU/cmd/api-server/internal/handlers.go:137.2,137.111 1 1
github.com/wlqtjl/PhoenixGPU/cmd/api-server/internal/handlers.go:140.83,145.18 4 3
github.com/wlqtjl/PhoenixGPU/cmd/api-server/internal/handlers.go:145.18,147.3 1 1
github.com/wlqtjl/PhoenixGPU/cmd/api-server/internal/handlers.go:148.2,148.68 1 3
github.com/wlqtjl/PhoenixGPU/cmd/api-server/internal/handlers.go:148.68,151.3 2 1
github.com/wlqtjl/PhoenixGPU/cmd/api-server/internal/handlers.go:153.2,154.16 2 2
github.com/wlqtjl/PhoenixGPU/cmd/api-server/internal/handlers.go:154.16,158.3 3 1
github.com/wlqtjl/PhoenixGPU/cmd/api-server/internal/handlers.go:159.2,159.30 1 1
github.com/wlqtjl/PhoenixGPU/cmd/api-server/internal/handlers.go:162.79,167.16 4 1
github.com/wlqtjl/PhoenixGPU/cmd/api-server/internal/handlers.go:167.16,171.3 3 1
github.com/wlqtjl/PhoenixGPU/cmd/api-server/internal/handlers.go:172.2,172.34 1 0
github.com/wlqtjl/PhoenixGPU/cmd/api-server/internal/handlers.go:175.71,180.16 4 2
github.com/wlqtjl/PhoenixGPU/cmd/api-server/internal/handlers.go:180.16,184.3 3 1
github.com/wlqtjl/PhoenixGPU/cmd/api-server/internal/handlers.go:186.2,186.41 1 1
github.com/wlqtjl/PhoenixGPU/cmd/api-server/internal/handlers.go:186.41,188.3 1 2
github.com/wlqtjl/PhoenixGPU/cmd/api-server/internal/handlers.go:190.2,190.32 1 1
github.com/wlqtjl/PhoenixGPU/cmd/api-server/internal/handlers.go:193.73,198.13 4 2
github.com/wlqtjl/PhoenixGPU/cmd/api-server/internal/handlers.go:198.13,201.3 2 1
github.com/wlqtjl/PhoenixGPU/cmd/api-server/internal/handlers.go:202.2,202.55 1 1
github.com/wlqtjl/PhoenixGPU/cmd/api-server/internal/handlers.go:202.55,206.3 3 1
github.com/wlqtjl/PhoenixGPU/cmd/api-server/internal/handlers.go:207.2,207.55 1 0
github.com/wlqtjl/PhoenixGPU/cmd/api-server/internal/handlers.go:210.38,211.16 1 44
github.com/wlqtjl/PhoenixGPU/cmd/api-server/internal/handlers.go:211.16,213.3 1 1
github.com/wlqtjl/PhoenixGPU/cmd/api-server/internal/handlers.go:214.2,215.39 2 43
github.com/wlqtjl/PhoenixGPU/cmd/api-server/internal/handlers.go:215.39,217.3 1 1
github.com/wlqtjl/PhoenixGPU/cmd/api-server/internal/handlers.go:218.2,218.14 1 42
github.com/wlqtjl/PhoenixGPU/cmd/api-server/internal/handlers.go:221.66,223.84 2 8
github.com/wlqtjl/PhoenixGPU/cmd/api-server/internal/handlers.go:223.84,225.3 1 4
github.com/wlqtjl/PhoenixGPU/cmd/api-server/internal/handlers.go:226.2,226.22 1 4
github.com/wlqtjl/PhoenixGPU/cmd/api-server/internal/handlers.go:229.73,231.112 2 7
github.com/wlqtjl/PhoenixGPU/cmd/api-server/internal/handlers.go:231.112,233.3 1 4
github.com/wlqtjl/PhoenixGPU/cmd/api-server/internal/handlers.go:234.2,234.22 1 3
github.com/wlqtjl/PhoenixGPU/cmd/api-server/internal/handlers.go:237.62,239.111 2 6
github.com/wlqtjl/PhoenixGPU/cmd/api-server/internal/handlers.go:239.111,241.3 1 3
github.com/wlqtjl/PhoenixGPU/cmd/api-server/internal/handlers.go:242.2,242.18 1 3
github.com/wlqtjl/PhoenixGPU/cmd/api-server/internal/k8s_client.go:130.33,130.71 1 8
github.com/wlqtjl/PhoenixGPU/cmd/api-server/internal/k8s_client.go:138.40,141.33 2 36
github.com/wlqtjl/PhoenixGPU/cmd/api-server/internal/k8s_client.go:141.33,144.3 2 108
github.com/wlqtjl/PhoenixGPU/cmd/api-server/internal/k8s_client.go:145.2,145.10 1 36
github.com/wlqtjl/PhoenixGPU/cmd/api-server/internal/k8s_client.go:148.87,154.2 1 2
github.com/wlqtjl/PhoenixGPU/cmd/api-server/internal/k8s_client.go:156.104,158.21 2 4
github.com/wlqtjl/PhoenixGPU/cmd/api-server/internal/k8s_client.go:158.21,163.3 1 1548
github.com/wlqtjl/PhoenixGPU/cmd/api-server/internal/k8s_client.go:164.2,164.17 1 4
github.com/wlqtjl/PhoenixGPU/cmd/api-server/internal/k8s_client.go:167.76,178.2 1 1
github.com/wlqtjl/PhoenixGPU/cmd/api-server/internal/k8s_client.go:180.100,182.21 2 3
github.com/wlqtjl/PhoenixGPU/cmd/api-server/internal/k8s_client.go:182.21,184.3 1 1
github.com/wlqtjl/PhoenixGPU/cmd/api-server/internal/k8s_client.go:185.2,186.24 2 2
github.com/wlqtjl/PhoenixGPU/cmd/api-server/internal/k8s_client.go:186.24,187.31 1 6
github.com/wlqtjl/PhoenixGPU/cmd/api-server/internal/k8s_client.go:187.31,189.4 1 1
github.com/wlqtjl/PhoenixGPU/cmd/api-server/internal/k8s_client.go:191.2,191.22 1 2
github.com/wlqtjl/PhoenixGPU/cmd/api-server/internal/k8s_client.go:194.103,195.31 1 3
github.com/wlqtjl/PhoenixGPU/cmd/api-server/internal/k8s_client.go:195.31,196.49 1 7
github.com/wlqtjl/PhoenixGPU/cmd/api-server/internal/k8s_client.go:196.49,198.4 1 1
github.com/wlqtjl/PhoenixGPU/cmd/api-server/internal/k8s_client.go:200.2,200.67 1 2
github.com/wlqtjl/PhoenixGPU/cmd/api-server/internal/k8s_client.go:203.92,204.31 1 4
github.com/wlqtjl/PhoenixGPU/cmd/api-server/internal/k8s_client.go:204.31,205.49 1 8
github.com/wlqtjl/PhoenixGPU/cmd/api-server/internal/k8s_client.go:205.49,207.4 1 2
github.com/wlqtjl/PhoenixGPU/cmd/api-server/internal/k8s_client.go:209.2,209.62 1 2
github.com/wlqtjl/PhoenixGPU/cmd/api-server/internal/k8s_client.go:212.100,220.2 1 2
github.com/wlqtjl/PhoenixGPU/cmd/api-server/internal/k8s_client.go:222.106,229.22 2 2
github.com/wlqtjl/PhoenixGPU/cmd/api-server/internal/k8s_client.go:229.22,231.3 1 1
github.com/wlqtjl/PhoenixGPU/cmd/api-server/internal/k8s_client.go:232.2,233.24 2 1
github.com/wlqtjl/PhoenixGPU/cmd/api-server/internal/k8s_client.go:233.24,234.33 1 2
github.com/wlqtjl/PhoenixGPU/cmd/api-server/internal/k8s_client.go:234.33,236.4 1 1
github.com/wlqtjl/PhoenixGPU/cmd/api-server/internal/k8s_client.go:238.2,238.17 1 1
github.com/wlqtjl/PhoenixGPU/cmd/api-server/internal/k8s_client.go:241.72,243.29 2 3
github.com/wlqtjl/PhoenixGPU/cmd/api-server/internal/k8s_client.go:243.29,245.3 1 9
github.com/wlqtjl/PhoenixGPU/cmd/api-server/internal/k8s_client.go:246.2,246.17 1 3
github.com/wlqtjl/PhoenixGPU/cmd/api-server/internal/k8s_client.go:249.74,250.31 1 2
github.com/wlqtjl/PhoenixGPU/cmd/api-server/internal/k8s_client.go:250.31,253.3 2 1
github.com/wlqtjl/PhoenixGPU/cmd/api-server/internal/k8s_client.go:254.2,254.12 1 1
github.com/wlqtjl/PhoenixGPU/cmd/api-server/internal/k8s_client.go:259.30,283.2 2 10
github.com/wlqtjl/PhoenixGPU/cmd/api-server/internal/k8s_client.go:285.27,294.2 1 36
github.com/wlqtjl/PhoenixGPU/cmd/api-server/internal/k8s_client.go:298.46,301.26 3 10
github.com/wlqtjl/PhoenixGPU/cmd/api-server/internal/k8s_client.go:301.26,303.3 1 6
github.com/wlqtjl/PhoenixGPU/cmd/api-server/internal/k8s_client.go:304.2,304.15 1 4
github.com/wlqtjl/PhoenixGPU/cmd/api-server/internal/migration_routes.go:17.85,17.99 1 1
github.com/wlqtjl/PhoenixGPU/cmd/api-server/internal/migration_routes.go:26.82,27.17 1 19
github.com/wlqtjl/PhoenixGPU/cmd/api-server/internal/migration_routes.go:27.17,29.3 1 10
github.com/wlqtjl/PhoenixGPU/cmd/api-server/internal/migration_routes.go:30.2,34.3 1 19
github.com/wlqtjl/PhoenixGPU/cmd/api-server/internal/migration_routes.go:41.86,43.9 2 7
github.com/wlqtjl/PhoenixGPU/cmd/api-server/internal/migration_routes.go:43.9,46.3 2 1
github.com/wlqtjl/PhoenixGPU/cmd/api-server/internal/migration_routes.go:47.2,48.85 2 6
github.com/wlqtjl/PhoenixGPU/cmd/api-server/internal/migration_routes.go:48.85,51.3 2 2
github.com/wlqtjl/PhoenixGPU/cmd/api-server/internal/migration_routes.go:53.2,55.12 3 4
github.com/wlqtjl/PhoenixGPU/cmd/api-server/internal/migration_routes.go:55.12,58.71 3 4
github.com/wlqtjl/PhoenixGPU/cmd/api-server/internal/migration_routes.go:58.71,62.4 3 1
github.com/wlqtjl/PhoenixGPU/cmd/api-server/internal/migration_routes.go:63.3,63.27 1 3
github.com/wlqtjl/PhoenixGPU/cmd/api-server/internal/migration_routes.go:66.2,72.4 1 4
github.com/wlqtjl/PhoenixGPU/cmd/api-server/internal/migration_routes.go:75.88,77.14 2 2
github.com/wlqtjl/PhoenixGPU/cmd/api-server/internal/migration_routes.go:77.14,80.3 2 1
github.com/wlqtjl/PhoenixGPU/cmd/api-server/internal/migration_routes.go:81.2,83.18 3 1
github.com/wlqtjl/PhoenixGPU/cmd/api-server/internal/migration_routes.go:83.18,85.3 1 1
github.com/wlqtjl/PhoenixGPU/cmd/api-server/internal/migration_routes.go:86.2,89.4 1 1
github.com/wlqtjl/PhoenixGPU/cmd/api-server/internal/migration_routes.go:92.59,96.2 3 18
github.com/wlqtjl/PhoenixGPU/cmd/api-server/internal/migration_routes.go:98.58,102.2 3 15
github.com/wlqtjl/PhoenixGPU/cmd/api-server/internal/migration_routes.go:104.70,106.109 2 12
github.com/wlqtjl/PhoenixGPU/cmd/api-server/internal/migration_routes.go:106.109,108.3 1 8
github.com/wlqtjl/PhoenixGPU/cmd/api-server/internal/migration_routes.go:109.2,109.22 1 4
github.com/wlqtjl/PhoenixGPU/cmd/api-server/internal/migration_routes.go:112.78,114.118 2 6
github.com/wlqtjl/PhoenixGPU/cmd/api-server/internal/migration_routes.go:114.118,116.3 1 3
github.com/wlqtjl/PhoenixGPU/cmd/api-server/internal/migration_routes.go:117.2,117.22 1 3
github.com/wlqtjl/PhoenixGPU/cmd/api-server/internal/router.go:27.75,31.2 3 39
github.com/wlqtjl/PhoenixGPU/cmd/api-server/internal/router.go:32.50,34.2 1 3
github.com/wlqtjl/PhoenixGPU/cmd/api-server/internal/router.go:35.65,37.2 1 6
github.com/wlqtjl/PhoenixGPU/cmd/api-server/internal/router.go:38.61,40.2 1 24
github.com/wlqtjl/PhoenixGPU/cmd/api-server/internal/router.go:58.54,60.2 1 2
github.com/wlqtjl/PhoenixGPU/cmd/api-server/internal/router.go:61.54,63.2 1 1
github.com/wlqtjl/PhoenixGPU/cmd/api-server/internal/router.go:64.55,66.2 1 1
github.com/wlqtjl/PhoenixGPU/cmd/api-server/internal/router.go:68.47,69.23 1 9
github.com/wlqtjl/PhoenixGPU/cmd/api-server/internal/router.go:69.23,71.3 1 1
github.com/wlqtjl/PhoenixGPU/cmd/api-server/internal/router.go:72.2,72.26 1 9
github.com/wlqtjl/PhoenixGPU/cmd/api-server/internal/router.go:72.26,73.21 1 2
github.com/wlqtjl/PhoenixGPU/cmd/api-server/internal/router.go:73.21,76.4 2 1
github.com/wlqtjl/PhoenixGPU/cmd/api-server/internal/router.go:76.9,79.4 2 1
github.com/wlqtjl/PhoenixGPU/cmd/api-server/internal/router.go:82.2,86.74 4 9
github.com/wlqtjl/PhoenixGPU/cmd/api-server/internal/router.go:86.74,89.3 2 2
github.com/wlqtjl/PhoenixGPU/cmd/api-server/internal/router.go:90.2,90.73 1 9
github.com/wlqtjl/PhoenixGPU/cmd/api-server/internal/router.go:90.73,93.3 2 1
github.com/wlqtjl/PhoenixGPU/cmd/api-server/internal/router.go:94.2,94.74 1 9
github.com/wlqtjl/PhoenixGPU/cmd/api-server/internal/router.go:94.74,97.3 2 1
github.com/wlqtjl/PhoenixGPU/cmd/api-server/internal/router.go:99.2,107.92 8 9
github.com/wlqtjl/PhoenixGPU/cmd/api-server/internal/router.go:107.92,108.48 1 2
github.com/wlqtjl/PhoenixGPU/cmd/api-server/internal/router.go:108.48,109.28 1 1
github.com/wlqtjl/PhoenixGPU/cmd/api-server/internal/router.go:109.28,112.5 2 1
github.com/wlqtjl/PhoenixGPU/cmd/api-server/internal/router.go:113.4,114.10 2 0
github.com/wlqtjl/PhoenixGPU/cmd/api-server/internal/router.go:116.3,116.57 1 1
github.com/wlqtjl/PhoenixGPU/cmd/api-server/internal/router.go:116.57,117.28 1 1
github.com/wlqtjl/PhoenixGPU/cmd/api-server/internal/router.go:117.28,120.5 2 1
github.com/wlqtjl/PhoenixGPU/cmd/api-server/internal/router.go:121.4,122.10 2 0
github.com/wlqtjl/PhoenixGPU/cmd/api-server/internal/router.go:124.3,124.51 1 0
github.com/wlqtjl/PhoenixGPU/cmd/api-server/internal/router.go:124.51,127.4 2 0
github.com/wlqtjl/PhoenixGPU/cmd/api-server/internal/router.go:128.3,128.69 1 0
github.com/wlqtjl/PhoenixGPU/cmd/api-server/internal/router.go:131.2,131.94 1 9
github.com/wlqtjl/PhoenixGPU/cmd/api-server/internal/router.go:131.94,132.49 1 1
github.com/wlqtjl/PhoenixGPU/cmd/api-server/internal/router.go:132.49,135.4 2 1
github.com/wlqtjl/PhoenixGPU/cmd/api-server/internal/router.go:136.3,136.76 1 0
github.com/wlqtjl/PhoenixGPU/cmd/api-server/internal/router.go:139.2,139.66 1 9
github.com/wlqtjl/PhoenixGPU/cmd/api-server/internal/router.go:142.55,143.71 1 65
github.com/wlqtjl/PhoenixGPU/cmd/api-server/internal/router.go:143.71,144.20 1 4
github.com/wlqtjl/PhoenixGPU/cmd/api-server/internal/router.go:144.20,147.4 2 1
github.com/wlqtjl/PhoenixGPU/cmd/api-server/internal/router.go:148.3,148.23 1 3
github.com/wlqtjl/PhoenixGPU/cmd/api-server/internal/router.go:152.51,153.71 1 11
github.com/wlqtjl/PhoenixGPU/cmd/api-server/internal/router.go:153.71,154.16 1 11
github.com/wlqtjl/PhoenixGPU/cmd/api-server/internal/router.go:154.16,155.36 1 11
github.com/wlqtjl/PhoenixGPU/cmd/api-server/internal/router.go:155.36,157.5 1 1
github.com/wlqtjl/PhoenixGPU/cmd/api-server/internal/router.go:159.3,159.23 1 11
github.com/wlqtjl/PhoenixGPU/cmd/api-server/internal/router.go:163.50,164.71 1 9
github.com/wlqtjl/PhoenixGPU/cmd/api-server/internal/router.go:164.71,166.3 1 9
github.com/wlqtjl/PhoenixGPU/cmd/api-server/internal/router.go:174.52,177.2 2 11
github.com/wlqtjl/PhoenixGPU/cmd/api-server/internal/router.go:179.64,180.71 1 10
github.com/wlqtjl/PhoenixGPU/cmd/api-server/internal/router.go:180.71,185.3 4 10
github.com/wlqtjl/PhoenixGPU/cmd/api-server/internal/router.go:188.28,188.50 1 42
github.com/wlqtjl/PhoenixGPU/cmd/api-server/internal/router.go:192.49,192.50 0 10
github.com/wlqtjl/PhoenixGPU/cmd/api-server/internal/router.go:193.49,193.50 0 2
github.com/wlqtjl/PhoenixGPU/cmd/api-server/internal/router.go:194.49,194.50 0 14
github.com/wlqtjl/PhoenixGPU/cmd/api-server/internal/router.go:199.89,201.2 1 2
github.com/wlqtjl/PhoenixGPU/cmd/api-server/internal/router.go:202.100,204.2 1 1
github.com/wlqtjl/PhoenixGPU/cmd/api-server/internal/router.go:205.78,207.2 1 1
github.com/wlqtjl/PhoenixGPU/cmd/api-server/internal/router.go:208.92,210.2 1 1
github.com/wlqtjl/PhoenixGPU/cmd/api-server/internal/router.go:211.97,213.2 1 1
github.com/wlqtjl/PhoenixGPU/cmd/api-server/internal/router.go:214.86,216.2 1 1
github.com/wlqtjl/PhoenixGPU/cmd/api-server/internal/router.go:217.100,219.2 1 1
github.com/wlqtjl/PhoenixGPU/cmd/api-server/internal/router.go:220.97,222.2 1 1
github.com/wlqtjl/PhoenixGPU/cmd/api-server/internal/router.go:223.74,225.2 1 1
github.com/wlqtjl/PhoenixGPU/cmd/api-server/internal/router.go:226.73,228.2 1 1
github.com/wlqtjl/PhoenixGPU/pkg/vgpu/oversub.go:60.46,66.2 1 14
github.com/wlqtjl/PhoenixGPU/pkg/vgpu/oversub.go:69.41,73.33 3 1021
github.com/wlqtjl/PhoenixGPU/pkg/vgpu/oversub.go:73.33,76.3 2 4
github.com/wlqtjl/PhoenixGPU/pkg/vgpu/oversub.go:77.2,78.20 2 1017
github.com/wlqtjl/PhoenixGPU/pkg/vgpu/oversub.go:83.37,88.17 4 5
github.com/wlqtjl/PhoenixGPU/pkg/vgpu/oversub.go:88.17,90.3 1 1
github.com/wlqtjl/PhoenixGPU/pkg/vgpu/oversub.go:91.2,93.19 3 4
github.com/wlqtjl/PhoenixGPU/pkg/vgpu/oversub.go:97.42,100.33 3 2
github.com/wlqtjl/PhoenixGPU/pkg/vgpu/oversub.go:100.33,103.3 2 1
github.com/wlqtjl/PhoenixGPU/pkg/vgpu/oversub.go:107.32,111.2 3 6
github.com/wlqtjl/PhoenixGPU/pkg/vgpu/oversub.go:134.82,140.2 1 23
github.com/wlqtjl/PhoenixGPU/pkg/vgpu/oversub.go:144.54,145.6 1 36
github.com/wlqtjl/PhoenixGPU/pkg/vgpu/oversub.go:145.6,147.40 2 36
github.com/wlqtjl/PhoenixGPU/pkg/vgpu/oversub.go:147.40,151.4 1 2
github.com/wlqtjl/PhoenixGPU/pkg/vgpu/oversub.go:153.3,153.64 1 34
github.com/wlqtjl/PhoenixGPU/pkg/vgpu/oversub.go:153.64,154.9 1 34
github.com/wlqtjl/PhoenixGPU/pkg/vgpu/oversub.go:160.2,160.6 1 34
github.com/wlqtjl/PhoenixGPU/pkg/vgpu/oversub.go:160.6,162.39 2 34
github.com/wlqtjl/PhoenixGPU/pkg/vgpu/oversub.go:162.39,163.60 1 24
github.com/wlqtjl/PhoenixGPU/pkg/vgpu/oversub.go:163.60,164.10 1 24
github.com/wlqtjl/PhoenixGPU/pkg/vgpu/oversub.go:166.9,169.32 1 10
github.com/wlqtjl/PhoenixGPU/pkg/vgpu/oversub.go:169.32,171.10 2 7
github.com/wlqtjl/PhoenixGPU/pkg/vgpu/oversub.go:173.4,174.64 2 3
github.com/wlqtjl/PhoenixGPU/pkg/vgpu/oversub.go:174.64,176.10 2 3
github.com/wlqtjl/PhoenixGPU/pkg/vgpu/oversub.go:180.2,180.12 1 34
github.com/wlqtjl/PhoenixGPU/pkg/vgpu/oversub.go:184.47,189.21 3 5
github.com/wlqtjl/PhoenixGPU/pkg/vgpu/oversub.go:189.21,191.3 1 1
github.com/wlqtjl/PhoenixGPU/pkg/vgpu/oversub.go:191.8,192.15 1 4
github.com/wlqtjl/PhoenixGPU/pkg/vgpu/oversub.go:192.15,196.4 3 0
github.com/wlqtjl/PhoenixGPU/pkg/vgpu/oversub.go:196.9,198.4 1 4
github.com/wlqtjl/PhoenixGPU/pkg/vgpu/oversub.go:204.57,206.2 1 4
github.com/wlqtjl/PhoenixGPU/pkg/vgpu/oversub.go:209.52,209.86 1 2
github.com/wlqtjl/PhoenixGPU/pkg/vgpu/oversub.go:212.48,212.83 1 1
github.com/wlqtjl/PhoenixGPU/pkg/vgpu/oversub.go:215.44,215.75 1 7
github.com/wlqtjl/PhoenixGPU/pkg/vgpu/oversub.go:243.42,245.2 1 5
github.com/wlqtjl/PhoenixGPU/pkg/vgpu/oversub.go:247.67,252.2 4 504
github.com/wlqtjl/PhoenixGPU/pkg/vgpu/oversub.go:254.53,257.35 3 502
github.com/wlqtjl/PhoenixGPU/pkg/vgpu/oversub.go:257.35,259.3 1 1
github.com/wlqtjl/PhoenixGPU/pkg/vgpu/oversub.go:260.2,261.12 2 501
github.com/wlqtjl/PhoenixGPU/pkg/vgpu/oversub.go:264.55,269.2 4 503
github.com/wlqtjl/PhoenixGPU/pkg/vgpu/oversub.go:282.41,284.22 1 2
github.com/wlqtjl/PhoenixGPU/pkg/vgpu/oversub.go:284.22,286.3 1 0
github.com/wlqtjl/PhoenixGPU/pkg/vgpu/oversub.go:287.2,287.33 1 2
github.com/wlqtjl/PhoenixGPU/pkg/vgpu/oversub.go:291.34,292.22 1 1
github.com/wlqtjl/PhoenixGPU/pkg/vgpu/oversub.go:292.22,294.3 1 1
github.com/wlqtjl/PhoenixGPU/pkg/vgpu/oversub.go:298.40,299.22 1 2
github.com/wlqtjl/PhoenixGPU/pkg/vgpu/oversub.go:299.22,301.3 1 0
github.com/wlqtjl/PhoenixGPU/pkg/vgpu/oversub.go:302.2,302.29 1 2
github.com/wlqtjl/PhoenixGPU/pkg/vgpu/oversub.go:302.29,306.3 2 3
github.com/wlqtjl/PhoenixGPU/pkg/vgpu/oversub.go:317.74,320.2 2 5
